2020-02-03 15:11:16,338 [Worker-1: Loading available Gradle versions] INFO  o.e.b.c.i.u.g.PublishedGradleVersions - Gradle version information cache is up-to-date. Trying to read.
2020-02-03 15:12:04,855 [Worker-8: Update Maven projects configuration] INFO  o.e.m.c.i.p.ProjectConfigurationManager - Update started
2020-02-03 15:12:10,071 [Worker-8: Update Maven projects configuration] INFO  o.e.m.c.i.l.LifecycleMappingFactory - Using org.maven.ide.eclipse.wtp.WarLifecycleMapping lifecycle mapping for MavenProject: MediChecker:MediChecker:0.0.1-SNAPSHOT @ C:\Users\rossm\Documents\GitHub\Agile_Development_Project1\Software_Code\MediChecker_Sprint1\pom.xml.
2020-02-03 15:12:15,824 [Worker-8: Update Maven projects configuration] INFO  o.e.m.j.i.AbstractJavaProjectConfigurator - Adding source folder /MediChecker_Sprint1/src
2020-02-03 15:12:15,829 [Worker-8: Update Maven projects configuration] INFO  o.e.m.j.i.AbstractJavaProjectConfigurator - Not adding source folder /MediChecker_Sprint1/src/test/java because it overlaps with /MediChecker_Sprint1/src
2020-02-03 15:12:19,461 [Worker-8: Update Maven projects configuration] INFO  o.e.m.c.i.p.ProjectConfigurationManager - Update completed: 14 sec
2020-02-03 15:12:19,669 [Worker-3: Building] WARN  o.e.m.c.i.embedder.EclipseLogger - Using platform encoding (Cp1252 actually) to copy filtered resources, i.e. build is platform dependent!
2020-02-03 15:12:19,681 [Worker-3: Building] INFO  o.e.m.c.i.embedder.EclipseLogger - skip non existing resourceDirectory C:\Users\rossm\Documents\GitHub\Agile_Development_Project1\Software_Code\MediChecker_Sprint1\src\main\resources
2020-02-03 15:12:19,685 [Worker-3: Building] WARN  o.e.m.c.i.embedder.EclipseLogger - Using platform encoding (Cp1252 actually) to copy filtered resources, i.e. build is platform dependent!
2020-02-03 15:12:19,696 [Worker-3: Building] INFO  o.e.m.c.i.embedder.EclipseLogger - skip non existing resourceDirectory C:\Users\rossm\Documents\GitHub\Agile_Development_Project1\Software_Code\MediChecker_Sprint1\src\test\resources
2020-02-03 15:12:22,653 [Worker-9: Building] WARN  o.e.m.c.i.embedder.EclipseLogger - Using platform encoding (Cp1252 actually) to copy filtered resources, i.e. build is platform dependent!
2020-02-03 15:12:22,669 [Worker-9: Building] INFO  o.e.m.c.i.embedder.EclipseLogger - skip non existing resourceDirectory C:\Users\rossm\Documents\GitHub\Agile_Development_Project1\Software_Code\MediChecker_Sprint1\src\main\resources
2020-02-03 15:12:22,671 [Worker-9: Building] WARN  o.e.m.c.i.embedder.EclipseLogger - Using platform encoding (Cp1252 actually) to copy filtered resources, i.e. build is platform dependent!
2020-02-03 15:12:22,687 [Worker-9: Building] INFO  o.e.m.c.i.embedder.EclipseLogger - skip non existing resourceDirectory C:\Users\rossm\Documents\GitHub\Agile_Development_Project1\Software_Code\MediChecker_Sprint1\src\test\resources
2020-02-03 15:19:21,929 [Worker-25: Building] WARN  o.e.m.c.i.embedder.EclipseLogger - Using platform encoding (Cp1252 actually) to copy filtered resources, i.e. build is platform dependent!
2020-02-03 15:19:21,942 [Worker-25: Building] INFO  o.e.m.c.i.embedder.EclipseLogger - skip non existing resourceDirectory C:\Users\rossm\Documents\GitHub\Agile_Development_Project1\Software_Code\MediChecker_Sprint1\src\main\resources
2020-02-03 15:19:21,944 [Worker-25: Building] WARN  o.e.m.c.i.embedder.EclipseLogger - Using platform encoding (Cp1252 actually) to copy filtered resources, i.e. build is platform dependent!
2020-02-03 15:19:21,958 [Worker-25: Building] INFO  o.e.m.c.i.embedder.EclipseLogger - skip non existing resourceDirectory C:\Users\rossm\Documents\GitHub\Agile_Development_Project1\Software_Code\MediChecker_Sprint1\src\test\resources
2020-02-03 15:19:33,837 [Worker-28: Building] WARN  o.e.m.c.i.embedder.EclipseLogger - Using platform encoding (Cp1252 actually) to copy filtered resources, i.e. build is platform dependent!
2020-02-03 15:19:33,849 [Worker-28: Building] INFO  o.e.m.c.i.embedder.EclipseLogger - skip non existing resourceDirectory C:\Users\rossm\Documents\GitHub\Agile_Development_Project1\Software_Code\MediChecker_Sprint1\src\main\resources
2020-02-03 15:19:33,852 [Worker-28: Building] WARN  o.e.m.c.i.embedder.EclipseLogger - Using platform encoding (Cp1252 actually) to copy filtered resources, i.e. build is platform dependent!
2020-02-03 15:19:33,863 [Worker-28: Building] INFO  o.e.m.c.i.embedder.EclipseLogger - skip non existing resourceDirectory C:\Users\rossm\Documents\GitHub\Agile_Development_Project1\Software_Code\MediChecker_Sprint1\src\test\resources
2020-02-03 15:24:19,859 [Worker-30: Building] WARN  o.e.m.c.i.embedder.EclipseLogger - Using platform encoding (Cp1252 actually) to copy filtered resources, i.e. build is platform dependent!
2020-02-03 15:24:19,868 [Worker-30: Building] INFO  o.e.m.c.i.embedder.EclipseLogger - skip non existing resourceDirectory C:\Users\rossm\Documents\GitHub\Agile_Development_Project1\Software_Code\MediChecker_Sprint1\src\main\resources
2020-02-03 15:24:19,869 [Worker-30: Building] WARN  o.e.m.c.i.embedder.EclipseLogger - Using platform encoding (Cp1252 actually) to copy filtered resources, i.e. build is platform dependent!
2020-02-03 15:24:19,879 [Worker-30: Building] INFO  o.e.m.c.i.embedder.EclipseLogger - skip non existing resourceDirectory C:\Users\rossm\Documents\GitHub\Agile_Development_Project1\Software_Code\MediChecker_Sprint1\src\test\resources
2020-02-03 16:20:44,477 [Worker-52: Building] WARN  o.e.m.c.i.embedder.EclipseLogger - Using platform encoding (Cp1252 actually) to copy filtered resources, i.e. build is platform dependent!
2020-02-03 16:20:44,499 [Worker-52: Building] INFO  o.e.m.c.i.embedder.EclipseLogger - skip non existing resourceDirectory C:\Users\rossm\Documents\GitHub\Agile_Development_Project1\Software_Code\MediChecker_Sprint1\src\main\resources
2020-02-03 16:20:44,503 [Worker-52: Building] WARN  o.e.m.c.i.embedder.EclipseLogger - Using platform encoding (Cp1252 actually) to copy filtered resources, i.e. build is platform dependent!
2020-02-03 16:20:44,529 [Worker-52: Building] INFO  o.e.m.c.i.embedder.EclipseLogger - skip non existing resourceDirectory C:\Users\rossm\Documents\GitHub\Agile_Development_Project1\Software_Code\MediChecker_Sprint1\src\test\resources
2020-02-03 16:23:01,485 [Worker-51: Building] WARN  o.e.m.c.i.embedder.EclipseLogger - Using platform encoding (Cp1252 actually) to copy filtered resources, i.e. build is platform dependent!
2020-02-03 16:23:01,499 [Worker-51: Building] INFO  o.e.m.c.i.embedder.EclipseLogger - skip non existing resourceDirectory C:\Users\rossm\Documents\GitHub\Agile_Development_Project1\Software_Code\MediChecker_Sprint1\src\main\resources
2020-02-03 16:23:01,500 [Worker-51: Building] WARN  o.e.m.c.i.embedder.EclipseLogger - Using platform encoding (Cp1252 actually) to copy filtered resources, i.e. build is platform dependent!
2020-02-03 16:23:01,512 [Worker-51: Building] INFO  o.e.m.c.i.embedder.EclipseLogger - skip non existing resourceDirectory C:\Users\rossm\Documents\GitHub\Agile_Development_Project1\Software_Code\MediChecker_Sprint1\src\test\resources
2020-02-03 16:23:35,703 [Worker-53: Building] WARN  o.e.m.c.i.embedder.EclipseLogger - Using platform encoding (Cp1252 actually) to copy filtered resources, i.e. build is platform dependent!
2020-02-03 16:23:35,714 [Worker-53: Building] INFO  o.e.m.c.i.embedder.EclipseLogger - skip non existing resourceDirectory C:\Users\rossm\Documents\GitHub\Agile_Development_Project1\Software_Code\MediChecker_Sprint1\src\main\resources
2020-02-03 16:23:35,717 [Worker-53: Building] WARN  o.e.m.c.i.embedder.EclipseLogger - Using platform encoding (Cp1252 actually) to copy filtered resources, i.e. build is platform dependent!
2020-02-03 16:23:35,728 [Worker-53: Building] INFO  o.e.m.c.i.embedder.EclipseLogger - skip non existing resourceDirectory C:\Users\rossm\Documents\GitHub\Agile_Development_Project1\Software_Code\MediChecker_Sprint1\src\test\resources
2020-02-03 16:27:43,610 [Worker-2: Loading available Gradle versions] INFO  o.e.b.c.i.u.g.PublishedGradleVersions - Gradle version information cache is up-to-date. Trying to read.
2020-02-03 16:27:50,695 [Worker-5: Building] WARN  o.e.m.c.i.embedder.EclipseLogger - Using platform encoding (Cp1252 actually) to copy filtered resources, i.e. build is platform dependent!
2020-02-03 16:27:50,703 [Worker-5: Building] INFO  o.e.m.c.i.embedder.EclipseLogger - skip non existing resourceDirectory C:\Users\rossm\Documents\GitHub\Agile_Development_Project1\Software_Code\MediChecker_Sprint1\src\main\resources
2020-02-03 16:27:50,705 [Worker-5: Building] WARN  o.e.m.c.i.embedder.EclipseLogger - Using platform encoding (Cp1252 actually) to copy filtered resources, i.e. build is platform dependent!
2020-02-03 16:27:50,711 [Worker-5: Building] INFO  o.e.m.c.i.embedder.EclipseLogger - skip non existing resourceDirectory C:\Users\rossm\Documents\GitHub\Agile_Development_Project1\Software_Code\MediChecker_Sprint1\src\test\resources
2020-02-04 09:51:15,577 [Worker-79: Building] WARN  o.e.m.c.i.embedder.EclipseLogger - Using platform encoding (Cp1252 actually) to copy filtered resources, i.e. build is platform dependent!
2020-02-04 09:51:15,590 [Worker-79: Building] INFO  o.e.m.c.i.embedder.EclipseLogger - skip non existing resourceDirectory C:\Users\rossm\Documents\GitHub\Agile_Development_Project1\Software_Code\MediChecker_Sprint1\src\main\resources
2020-02-04 09:51:15,591 [Worker-79: Building] WARN  o.e.m.c.i.embedder.EclipseLogger - Using platform encoding (Cp1252 actually) to copy filtered resources, i.e. build is platform dependent!
2020-02-04 09:51:15,603 [Worker-79: Building] INFO  o.e.m.c.i.embedder.EclipseLogger - skip non existing resourceDirectory C:\Users\rossm\Documents\GitHub\Agile_Development_Project1\Software_Code\MediChecker_Sprint1\src\test\resources
2020-02-04 09:54:18,935 [main] INFO  o.e.m2e.actions.ExecutePomAction - Creating new launch configuration
2020-02-04 09:54:28,132 [Worker-74: Launching MediChecker_Sprint1] INFO  o.e.m.i.launch.MavenLaunchDelegate - C:\Users\rossm\Documents\GitHub\Agile_Development_Project1\Software_Code\MediChecker_Sprint1
2020-02-04 09:54:28,328 [Worker-74: Launching MediChecker_Sprint1] INFO  o.e.m.i.launch.MavenLaunchDelegate -  mvn -B 
2020-02-04 09:55:03,379 [Worker-74: Launching MediChecker_Sprint1] INFO  o.e.m.i.launch.MavenLaunchDelegate - C:\Users\rossm\Documents\GitHub\Agile_Development_Project1\Software_Code\MediChecker_Sprint1
2020-02-04 09:55:03,380 [Worker-74: Launching MediChecker_Sprint1] INFO  o.e.m.i.launch.MavenLaunchDelegate -  mvn -B 
2020-02-04 09:56:16,689 [Worker-81: Update Maven projects configuration] INFO  o.e.m.c.i.p.ProjectConfigurationManager - Update started
2020-02-04 09:56:21,579 [Worker-81: Update Maven projects configuration] INFO  o.e.m.c.i.l.LifecycleMappingFactory - Using org.maven.ide.eclipse.wtp.WarLifecycleMapping lifecycle mapping for MavenProject: MediChecker:MediChecker:0.0.1-SNAPSHOT @ C:\Users\rossm\Documents\Universtiy\3rd Year\Agile Development\Agile_Development_Project1-master\Software_Code\MediChecker_Sprint1\pom.xml.
2020-02-04 09:56:26,482 [Worker-81: Update Maven projects configuration] INFO  o.e.m.j.i.AbstractJavaProjectConfigurator - Adding source folder /MediChecker_Sprint1/src
2020-02-04 09:56:26,484 [Worker-81: Update Maven projects configuration] INFO  o.e.m.j.i.AbstractJavaProjectConfigurator - Not adding source folder /MediChecker_Sprint1/src/test/java because it overlaps with /MediChecker_Sprint1/src
2020-02-04 09:56:29,324 [Worker-81: Update Maven projects configuration] INFO  o.e.m.c.i.p.ProjectConfigurationManager - Update completed: 12 sec
2020-02-04 09:56:29,626 [Worker-75: Building] WARN  o.e.m.c.i.embedder.EclipseLogger - Using platform encoding (Cp1252 actually) to copy filtered resources, i.e. build is platform dependent!
2020-02-04 09:56:29,636 [Worker-75: Building] INFO  o.e.m.c.i.embedder.EclipseLogger - skip non existing resourceDirectory C:\Users\rossm\Documents\Universtiy\3rd Year\Agile Development\Agile_Development_Project1-master\Software_Code\MediChecker_Sprint1\src\main\resources
2020-02-04 09:56:29,639 [Worker-75: Building] WARN  o.e.m.c.i.embedder.EclipseLogger - Using platform encoding (Cp1252 actually) to copy filtered resources, i.e. build is platform dependent!
2020-02-04 09:56:29,651 [Worker-75: Building] INFO  o.e.m.c.i.embedder.EclipseLogger - skip non existing resourceDirectory C:\Users\rossm\Documents\Universtiy\3rd Year\Agile Development\Agile_Development_Project1-master\Software_Code\MediChecker_Sprint1\src\test\resources
2020-02-04 09:57:11,390 [Worker-74: Building] WARN  o.e.m.c.i.embedder.EclipseLogger - Using platform encoding (Cp1252 actually) to copy filtered resources, i.e. build is platform dependent!
2020-02-04 09:57:11,400 [Worker-74: Building] INFO  o.e.m.c.i.embedder.EclipseLogger - skip non existing resourceDirectory C:\Users\rossm\Documents\Universtiy\3rd Year\Agile Development\Agile_Development_Project1-master\Software_Code\MediChecker_Sprint1\src\main\resources
2020-02-04 09:57:11,402 [Worker-74: Building] WARN  o.e.m.c.i.embedder.EclipseLogger - Using platform encoding (Cp1252 actually) to copy filtered resources, i.e. build is platform dependent!
2020-02-04 09:57:11,414 [Worker-74: Building] INFO  o.e.m.c.i.embedder.EclipseLogger - skip non existing resourceDirectory C:\Users\rossm\Documents\Universtiy\3rd Year\Agile Development\Agile_Development_Project1-master\Software_Code\MediChecker_Sprint1\src\test\resources
2020-02-04 10:04:08,859 [Worker-4: Loading available Gradle versions] INFO  o.e.b.c.i.u.g.PublishedGradleVersions - Gradle version information cache is up-to-date. Trying to read.
2020-02-04 10:05:20,991 [Worker-7: Update Maven projects configuration] INFO  o.e.m.c.i.p.ProjectConfigurationManager - Update started
2020-02-04 10:05:22,828 [Worker-7: Update Maven projects configuration] INFO  o.e.m.c.i.l.LifecycleMappingFactory - Using org.maven.ide.eclipse.wtp.WarLifecycleMapping lifecycle mapping for MavenProject: MediChecker:MediChecker:0.0.1-SNAPSHOT @ C:\Users\rossm\Documents\GitHub\Agile_Development_Project1\Software_Code\MediChecker_Sprint1\pom.xml.
2020-02-04 10:05:24,558 [Worker-7: Update Maven projects configuration] INFO  o.e.m.j.i.AbstractJavaProjectConfigurator - Adding source folder /MediChecker_Sprint1/src
2020-02-04 10:05:24,559 [Worker-7: Update Maven projects configuration] INFO  o.e.m.j.i.AbstractJavaProjectConfigurator - Not adding source folder /MediChecker_Sprint1/src/test/java because it overlaps with /MediChecker_Sprint1/src
2020-02-04 10:05:28,426 [Worker-22: Building] WARN  o.e.m.c.i.embedder.EclipseLogger - Using platform encoding (Cp1252 actually) to copy filtered resources, i.e. build is platform dependent!
2020-02-04 10:05:28,449 [Worker-22: Building] INFO  o.e.m.c.i.embedder.EclipseLogger - skip non existing resourceDirectory C:\Users\rossm\Documents\GitHub\Agile_Development_Project1\Software_Code\MediChecker_Sprint1\src\main\resources
2020-02-04 10:05:28,453 [Worker-22: Building] WARN  o.e.m.c.i.embedder.EclipseLogger - Using platform encoding (Cp1252 actually) to copy filtered resources, i.e. build is platform dependent!
2020-02-04 10:05:28,453 [Worker-7: Update Maven projects configuration] INFO  o.e.m.c.i.p.ProjectConfigurationManager - Update completed: 7 sec
2020-02-04 10:05:28,463 [Worker-22: Building] INFO  o.e.m.c.i.embedder.EclipseLogger - skip non existing resourceDirectory C:\Users\rossm\Documents\GitHub\Agile_Development_Project1\Software_Code\MediChecker_Sprint1\src\test\resources
2020-02-04 10:05:32,830 [Worker-9: Building] WARN  o.e.m.c.i.embedder.EclipseLogger - Using platform encoding (Cp1252 actually) to copy filtered resources, i.e. build is platform dependent!
2020-02-04 10:05:32,848 [Worker-9: Building] INFO  o.e.m.c.i.embedder.EclipseLogger - skip non existing resourceDirectory C:\Users\rossm\Documents\GitHub\Agile_Development_Project1\Software_Code\MediChecker_Sprint1\src\main\resources
2020-02-04 10:05:32,851 [Worker-9: Building] WARN  o.e.m.c.i.embedder.EclipseLogger - Using platform encoding (Cp1252 actually) to copy filtered resources, i.e. build is platform dependent!
2020-02-04 10:05:32,867 [Worker-9: Building] INFO  o.e.m.c.i.embedder.EclipseLogger - skip non existing resourceDirectory C:\Users\rossm\Documents\GitHub\Agile_Development_Project1\Software_Code\MediChecker_Sprint1\src\test\resources
2020-02-04 10:11:01,632 [Worker-24: Building] INFO  o.e.m.c.i.l.LifecycleMappingFactory - Using org.maven.ide.eclipse.wtp.WarLifecycleMapping lifecycle mapping for MavenProject: MediChecker:MediChecker:0.0.1-SNAPSHOT @ C:\Users\rossm\Documents\GitHub\Agile_Development_Project1\Software_Code\MediChecker_Sprint1\pom.xml.
2020-02-04 10:11:02,607 [Worker-24: Building] WARN  o.e.m.c.i.embedder.EclipseLogger - Using platform encoding (Cp1252 actually) to copy filtered resources, i.e. build is platform dependent!
2020-02-04 10:11:02,617 [Worker-24: Building] INFO  o.e.m.c.i.embedder.EclipseLogger - skip non existing resourceDirectory C:\Users\rossm\Documents\GitHub\Agile_Development_Project1\Software_Code\MediChecker_Sprint1\src\main\resources
2020-02-04 10:11:02,749 [Worker-24: Building] WARN  o.e.m.c.i.embedder.EclipseLogger - Using platform encoding (Cp1252 actually) to copy filtered resources, i.e. build is platform dependent!
2020-02-04 10:11:02,760 [Worker-24: Building] INFO  o.e.m.c.i.embedder.EclipseLogger - skip non existing resourceDirectory C:\Users\rossm\Documents\GitHub\Agile_Development_Project1\Software_Code\MediChecker_Sprint1\src\test\resources
2020-02-04 10:11:03,751 [Worker-15: Updating Maven Dependencies] INFO  o.e.m.c.i.l.LifecycleMappingFactory - Using org.maven.ide.eclipse.wtp.WarLifecycleMapping lifecycle mapping for MavenProject: MediChecker:MediChecker:0.0.1-SNAPSHOT @ C:\Users\rossm\Documents\GitHub\Agile_Development_Project1\Software_Code\MediChecker_Sprint1\pom.xml.
2020-02-04 10:11:03,767 [Worker-25: Building] WARN  o.e.m.c.i.embedder.EclipseLogger - Using platform encoding (Cp1252 actually) to copy filtered resources, i.e. build is platform dependent!
2020-02-04 10:11:03,776 [Worker-25: Building] INFO  o.e.m.c.i.embedder.EclipseLogger - skip non existing resourceDirectory C:\Users\rossm\Documents\GitHub\Agile_Development_Project1\Software_Code\MediChecker_Sprint1\src\main\resources
2020-02-04 10:11:03,778 [Worker-25: Building] WARN  o.e.m.c.i.embedder.EclipseLogger - Using platform encoding (Cp1252 actually) to copy filtered resources, i.e. build is platform dependent!
2020-02-04 10:11:03,790 [Worker-25: Building] INFO  o.e.m.c.i.embedder.EclipseLogger - skip non existing resourceDirectory C:\Users\rossm\Documents\GitHub\Agile_Development_Project1\Software_Code\MediChecker_Sprint1\src\test\resources
2020-02-04 10:11:04,066 [Worker-24: Building] WARN  o.e.m.c.i.embedder.EclipseLogger - Using platform encoding (Cp1252 actually) to copy filtered resources, i.e. build is platform dependent!
2020-02-04 10:11:04,085 [Worker-24: Building] INFO  o.e.m.c.i.embedder.EclipseLogger - skip non existing resourceDirectory C:\Users\rossm\Documents\GitHub\Agile_Development_Project1\Software_Code\MediChecker_Sprint1\src\main\resources
2020-02-04 10:11:04,088 [Worker-24: Building] WARN  o.e.m.c.i.embedder.EclipseLogger - Using platform encoding (Cp1252 actually) to copy filtered resources, i.e. build is platform dependent!
2020-02-04 10:11:04,102 [Worker-24: Building] INFO  o.e.m.c.i.embedder.EclipseLogger - skip non existing resourceDirectory C:\Users\rossm\Documents\GitHub\Agile_Development_Project1\Software_Code\MediChecker_Sprint1\src\test\resources
2020-02-04 10:12:58,481 [Worker-15: Building] WARN  o.e.m.c.i.embedder.EclipseLogger - Using platform encoding (Cp1252 actually) to copy filtered resources, i.e. build is platform dependent!
2020-02-04 10:12:58,495 [Worker-15: Building] INFO  o.e.m.c.i.embedder.EclipseLogger - skip non existing resourceDirectory C:\Users\rossm\Documents\GitHub\Agile_Development_Project1\Software_Code\MediChecker_Sprint1\src\main\resources
2020-02-04 10:12:58,513 [Worker-15: Building] WARN  o.e.m.c.i.embedder.EclipseLogger - Using platform encoding (Cp1252 actually) to copy filtered resources, i.e. build is platform dependent!
2020-02-04 10:12:58,559 [Worker-15: Building] INFO  o.e.m.c.i.embedder.EclipseLogger - skip non existing resourceDirectory C:\Users\rossm\Documents\GitHub\Agile_Development_Project1\Software_Code\MediChecker_Sprint1\src\test\resources
2020-02-04 10:13:32,645 [Worker-25: Building] WARN  o.e.m.c.i.embedder.EclipseLogger - Using platform encoding (Cp1252 actually) to copy filtered resources, i.e. build is platform dependent!
2020-02-04 10:13:32,661 [Worker-25: Building] INFO  o.e.m.c.i.embedder.EclipseLogger - skip non existing resourceDirectory C:\Users\rossm\Documents\GitHub\Agile_Development_Project1\Software_Code\MediChecker_Sprint1\src\main\resources
2020-02-04 10:13:32,662 [Worker-25: Building] WARN  o.e.m.c.i.embedder.EclipseLogger - Using platform encoding (Cp1252 actually) to copy filtered resources, i.e. build is platform dependent!
2020-02-04 10:13:32,676 [Worker-25: Building] INFO  o.e.m.c.i.embedder.EclipseLogger - skip non existing resourceDirectory C:\Users\rossm\Documents\GitHub\Agile_Development_Project1\Software_Code\MediChecker_Sprint1\src\test\resources
2020-02-04 10:22:37,887 [Worker-0: Building] WARN  o.e.m.c.i.embedder.EclipseLogger - Using platform encoding (Cp1252 actually) to copy filtered resources, i.e. build is platform dependent!
2020-02-04 10:22:37,898 [Worker-0: Building] INFO  o.e.m.c.i.embedder.EclipseLogger - skip non existing resourceDirectory C:\Users\rossm\Documents\GitHub\Agile_Development_Project1\Software_Code\MediChecker_Sprint1\src\main\resources
2020-02-04 10:22:37,902 [Worker-0: Building] WARN  o.e.m.c.i.embedder.EclipseLogger - Using platform encoding (Cp1252 actually) to copy filtered resources, i.e. build is platform dependent!
2020-02-04 10:22:37,911 [Worker-0: Building] INFO  o.e.m.c.i.embedder.EclipseLogger - skip non existing resourceDirectory C:\Users\rossm\Documents\GitHub\Agile_Development_Project1\Software_Code\MediChecker_Sprint1\src\test\resources
2020-02-04 10:22:39,102 [Worker-15: Building] WARN  o.e.m.c.i.embedder.EclipseLogger - Using platform encoding (Cp1252 actually) to copy filtered resources, i.e. build is platform dependent!
2020-02-04 10:22:39,114 [Worker-15: Building] INFO  o.e.m.c.i.embedder.EclipseLogger - skip non existing resourceDirectory C:\Users\rossm\Documents\GitHub\Agile_Development_Project1\Software_Code\MediChecker_Sprint1\src\main\resources
2020-02-04 10:22:39,117 [Worker-15: Building] WARN  o.e.m.c.i.embedder.EclipseLogger - Using platform encoding (Cp1252 actually) to copy filtered resources, i.e. build is platform dependent!
2020-02-04 10:22:39,129 [Worker-15: Building] INFO  o.e.m.c.i.embedder.EclipseLogger - skip non existing resourceDirectory C:\Users\rossm\Documents\GitHub\Agile_Development_Project1\Software_Code\MediChecker_Sprint1\src\test\resources
2020-02-04 10:23:53,144 [Worker-41: Building] WARN  o.e.m.c.i.embedder.EclipseLogger - Using platform encoding (Cp1252 actually) to copy filtered resources, i.e. build is platform dependent!
2020-02-04 10:23:53,152 [Worker-41: Building] INFO  o.e.m.c.i.embedder.EclipseLogger - skip non existing resourceDirectory C:\Users\rossm\Documents\GitHub\Agile_Development_Project1\Software_Code\MediChecker_Sprint1\src\main\resources
2020-02-04 10:23:53,154 [Worker-41: Building] WARN  o.e.m.c.i.embedder.EclipseLogger - Using platform encoding (Cp1252 actually) to copy filtered resources, i.e. build is platform dependent!
2020-02-04 10:23:53,163 [Worker-41: Building] INFO  o.e.m.c.i.embedder.EclipseLogger - skip non existing resourceDirectory C:\Users\rossm\Documents\GitHub\Agile_Development_Project1\Software_Code\MediChecker_Sprint1\src\test\resources
2020-02-04 10:27:44,358 [Worker-0: Building] WARN  o.e.m.c.i.embedder.EclipseLogger - Using platform encoding (Cp1252 actually) to copy filtered resources, i.e. build is platform dependent!
2020-02-04 10:27:44,364 [Worker-0: Building] INFO  o.e.m.c.i.embedder.EclipseLogger - skip non existing resourceDirectory C:\Users\rossm\Documents\GitHub\Agile_Development_Project1\Software_Code\MediChecker_Sprint1\src\main\resources
2020-02-04 10:27:44,365 [Worker-0: Building] WARN  o.e.m.c.i.embedder.EclipseLogger - Using platform encoding (Cp1252 actually) to copy filtered resources, i.e. build is platform dependent!
2020-02-04 10:27:44,374 [Worker-0: Building] INFO  o.e.m.c.i.embedder.EclipseLogger - skip non existing resourceDirectory C:\Users\rossm\Documents\GitHub\Agile_Development_Project1\Software_Code\MediChecker_Sprint1\src\test\resources
2020-02-04 10:29:19,703 [Worker-42: Building] WARN  o.e.m.c.i.embedder.EclipseLogger - Using platform encoding (Cp1252 actually) to copy filtered resources, i.e. build is platform dependent!
2020-02-04 10:29:19,709 [Worker-42: Building] INFO  o.e.m.c.i.embedder.EclipseLogger - skip non existing resourceDirectory C:\Users\rossm\Documents\GitHub\Agile_Development_Project1\Software_Code\MediChecker_Sprint1\src\main\resources
2020-02-04 10:29:19,710 [Worker-42: Building] WARN  o.e.m.c.i.embedder.EclipseLogger - Using platform encoding (Cp1252 actually) to copy filtered resources, i.e. build is platform dependent!
2020-02-04 10:29:19,716 [Worker-42: Building] INFO  o.e.m.c.i.embedder.EclipseLogger - skip non existing resourceDirectory C:\Users\rossm\Documents\GitHub\Agile_Development_Project1\Software_Code\MediChecker_Sprint1\src\test\resources
2020-02-04 10:30:40,156 [Worker-0: Building] WARN  o.e.m.c.i.embedder.EclipseLogger - Using platform encoding (Cp1252 actually) to copy filtered resources, i.e. build is platform dependent!
2020-02-04 10:30:40,167 [Worker-0: Building] INFO  o.e.m.c.i.embedder.EclipseLogger - skip non existing resourceDirectory C:\Users\rossm\Documents\GitHub\Agile_Development_Project1\Software_Code\MediChecker_Sprint1\src\main\resources
2020-02-04 10:30:40,168 [Worker-0: Building] WARN  o.e.m.c.i.embedder.EclipseLogger - Using platform encoding (Cp1252 actually) to copy filtered resources, i.e. build is platform dependent!
2020-02-04 10:30:40,177 [Worker-0: Building] INFO  o.e.m.c.i.embedder.EclipseLogger - skip non existing resourceDirectory C:\Users\rossm\Documents\GitHub\Agile_Development_Project1\Software_Code\MediChecker_Sprint1\src\test\resources
2020-02-04 10:31:34,032 [Worker-0: Building] WARN  o.e.m.c.i.embedder.EclipseLogger - Using platform encoding (Cp1252 actually) to copy filtered resources, i.e. build is platform dependent!
2020-02-04 10:31:34,038 [Worker-0: Building] INFO  o.e.m.c.i.embedder.EclipseLogger - skip non existing resourceDirectory C:\Users\rossm\Documents\GitHub\Agile_Development_Project1\Software_Code\MediChecker_Sprint1\src\main\resources
2020-02-04 10:31:34,039 [Worker-0: Building] WARN  o.e.m.c.i.embedder.EclipseLogger - Using platform encoding (Cp1252 actually) to copy filtered resources, i.e. build is platform dependent!
2020-02-04 10:31:34,045 [Worker-0: Building] INFO  o.e.m.c.i.embedder.EclipseLogger - skip non existing resourceDirectory C:\Users\rossm\Documents\GitHub\Agile_Development_Project1\Software_Code\MediChecker_Sprint1\src\test\resources
2020-02-04 10:33:35,420 [Worker-0: Loading available Gradle versions] INFO  o.e.b.c.i.u.g.PublishedGradleVersions - Gradle version information cache is up-to-date. Trying to read.
2020-02-04 10:34:35,178 [Worker-7: Building] INFO  o.e.m.c.i.l.LifecycleMappingFactory - Using org.maven.ide.eclipse.wtp.WarLifecycleMapping lifecycle mapping for MavenProject: MediChecker:MediChecker:0.0.1-SNAPSHOT @ C:\Users\rossm\Documents\GitHub\Agile_Development_Project1\Software_Code\MediChecker_Sprint1\pom.xml.
2020-02-04 10:34:35,178 [Worker-4: Updating Maven Dependencies] INFO  o.e.m.c.i.l.LifecycleMappingFactory - Using org.maven.ide.eclipse.wtp.WarLifecycleMapping lifecycle mapping for MavenProject: MediChecker:MediChecker:0.0.1-SNAPSHOT @ C:\Users\rossm\Documents\GitHub\Agile_Development_Project1\Software_Code\MediChecker_Sprint1\pom.xml.
2020-02-04 10:34:36,593 [Worker-7: Building] WARN  o.e.m.c.i.embedder.EclipseLogger - Using platform encoding (Cp1252 actually) to copy filtered resources, i.e. build is platform dependent!
2020-02-04 10:34:36,604 [Worker-7: Building] INFO  o.e.m.c.i.embedder.EclipseLogger - skip non existing resourceDirectory C:\Users\rossm\Documents\GitHub\Agile_Development_Project1\Software_Code\MediChecker_Sprint1\src\main\resources
2020-02-04 10:34:36,643 [Worker-7: Building] WARN  o.e.m.c.i.embedder.EclipseLogger - Using platform encoding (Cp1252 actually) to copy filtered resources, i.e. build is platform dependent!
2020-02-04 10:34:36,653 [Worker-7: Building] INFO  o.e.m.c.i.embedder.EclipseLogger - skip non existing resourceDirectory C:\Users\rossm\Documents\GitHub\Agile_Development_Project1\Software_Code\MediChecker_Sprint1\src\test\resources
2020-02-04 10:34:37,220 [Worker-2: Building] WARN  o.e.m.c.i.embedder.EclipseLogger - Using platform encoding (Cp1252 actually) to copy filtered resources, i.e. build is platform dependent!
2020-02-04 10:34:37,229 [Worker-2: Building] INFO  o.e.m.c.i.embedder.EclipseLogger - skip non existing resourceDirectory C:\Users\rossm\Documents\GitHub\Agile_Development_Project1\Software_Code\MediChecker_Sprint1\src\main\resources
2020-02-04 10:34:37,231 [Worker-2: Building] WARN  o.e.m.c.i.embedder.EclipseLogger - Using platform encoding (Cp1252 actually) to copy filtered resources, i.e. build is platform dependent!
2020-02-04 10:34:37,240 [Worker-2: Building] INFO  o.e.m.c.i.embedder.EclipseLogger - skip non existing resourceDirectory C:\Users\rossm\Documents\GitHub\Agile_Development_Project1\Software_Code\MediChecker_Sprint1\src\test\resources
2020-02-04 10:34:38,343 [Worker-2: Updating Maven Dependencies] INFO  o.e.m.c.i.l.LifecycleMappingFactory - Using org.maven.ide.eclipse.wtp.WarLifecycleMapping lifecycle mapping for MavenProject: MediChecker:MediChecker:0.0.1-SNAPSHOT @ C:\Users\rossm\Documents\GitHub\Agile_Development_Project1\Software_Code\MediChecker_Sprint1\pom.xml.
2020-02-04 10:34:39,245 [Worker-13: Building] WARN  o.e.m.c.i.embedder.EclipseLogger - Using platform encoding (Cp1252 actually) to copy filtered resources, i.e. build is platform dependent!
2020-02-04 10:34:39,252 [Worker-13: Building] INFO  o.e.m.c.i.embedder.EclipseLogger - skip non existing resourceDirectory C:\Users\rossm\Documents\GitHub\Agile_Development_Project1\Software_Code\MediChecker_Sprint1\src\main\resources
2020-02-04 10:34:39,254 [Worker-13: Building] WARN  o.e.m.c.i.embedder.EclipseLogger - Using platform encoding (Cp1252 actually) to copy filtered resources, i.e. build is platform dependent!
2020-02-04 10:34:39,263 [Worker-13: Building] INFO  o.e.m.c.i.embedder.EclipseLogger - skip non existing resourceDirectory C:\Users\rossm\Documents\GitHub\Agile_Development_Project1\Software_Code\MediChecker_Sprint1\src\test\resources
2020-02-04 10:36:36,570 [Worker-10: Building] WARN  o.e.m.c.i.embedder.EclipseLogger - Using platform encoding (Cp1252 actually) to copy filtered resources, i.e. build is platform dependent!
2020-02-04 10:36:36,580 [Worker-10: Building] INFO  o.e.m.c.i.embedder.EclipseLogger - skip non existing resourceDirectory C:\Users\rossm\Documents\GitHub\Agile_Development_Project1\Software_Code\MediChecker_Sprint1\src\main\resources
2020-02-04 10:36:36,581 [Worker-10: Building] WARN  o.e.m.c.i.embedder.EclipseLogger - Using platform encoding (Cp1252 actually) to copy filtered resources, i.e. build is platform dependent!
2020-02-04 10:36:36,589 [Worker-10: Building] INFO  o.e.m.c.i.embedder.EclipseLogger - skip non existing resourceDirectory C:\Users\rossm\Documents\GitHub\Agile_Development_Project1\Software_Code\MediChecker_Sprint1\src\test\resources
